# JRE version: Java(TM) SE Runtime Environment (17.0.10+11) (build 17.0.10+11-LTS-240)
# Java VM: Java HotSpot(TM) 64-Bit Server VM (17.0.10+11-LTS-240, mixed mode, emulated-client, sharing, tiered, compressed oops, compressed class ptrs, g1 gc, windows-amd64)
GC Precious Log:
 CPUs: 8 total, 8 available
 Memory: 8064M
 Large Page Support: Disabled
 NUMA Support: Disabled
 Compressed Oops: Enabled (32-bit)
 Heap Region Size: 1M
 Heap Min Capacity: 8M
 Heap Initial Capacity: 128M
 Heap Max Capacity: 2018M
 Pre-touch: Disabled
 Parallel Workers: 8
 Concurrent Workers: 2
 Concurrent Refinement Workers: 8
 Periodic GC: Disabled
Heap:
 garbage-first heap   total 149504K, used 96223K [0x0000000081e00000, 0x0000000100000000)
  region size 1024K, 65 young (66560K), 3 survivors (3072K)
 Metaspace       used 72514K, committed 73024K, reserved 1114112K
  class space    used 10626K, committed 10880K, reserved 1048576K
GC Heap History (20 events):
Event: 8.221 GC heap before
{Heap before GC invocations=9 (full 0):
 garbage-first heap   total 58368K, used 41773K [0x0000000081e00000, 0x0000000100000000)
  region size 1024K, 27 young (27648K), 4 survivors (4096K)
 Metaspace       used 33161K, committed 33536K, reserved 1114112K
  class space    used 4620K, committed 4800K, reserved 1048576K
}
Event: 8.235 GC heap after
{Heap after GC invocations=10 (full 0):
 garbage-first heap   total 58368K, used 20748K [0x0000000081e00000, 0x0000000100000000)
  region size 1024K, 2 young (2048K), 2 survivors (2048K)
 Metaspace       used 33161K, committed 33536K, reserved 1114112K
  class space    used 4620K, committed 4800K, reserved 1048576K
}
Event: 8.570 GC heap before
{Heap before GC invocations=10 (full 0):
 garbage-first heap   total 58368K, used 33036K [0x0000000081e00000, 0x0000000100000000)
  region size 1024K, 15 young (15360K), 2 survivors (2048K)
 Metaspace       used 35840K, committed 36288K, reserved 1114112K
  class space    used 5034K, committed 5248K, reserved 1048576K
}
Event: 8.576 GC heap after
{Heap after GC invocations=11 (full 0):
 garbage-first heap   total 116736K, used 21146K [0x0000000081e00000, 0x0000000100000000)
  region size 1024K, 2 young (2048K), 2 survivors (2048K)
 Metaspace       used 35840K, committed 36288K, reserved 1114112K
  class space    used 5034K, committed 5248K, reserved 1048576K
}
Event: 9.664 GC heap before
{Heap before GC invocations=12 (full 0):
 garbage-first heap   total 78848K, used 66202K [0x0000000081e00000, 0x0000000100000000)
  region size 1024K, 46 young (47104K), 2 survivors (2048K)
 Metaspace       used 44628K, committed 45056K, reserved 1114112K
  class space    used 6258K, committed 6464K, reserved 1048576K
}
Event: 9.673 GC heap after
{Heap after GC invocations=13 (full 0):
 garbage-first heap   total 78848K, used 24408K [0x0000000081e00000, 0x0000000100000000)
  region size 1024K, 6 young (6144K), 6 survivors (6144K)
 Metaspace       used 44628K, committed 45056K, reserved 1114112K
  class space    used 6258K, committed 6464K, reserved 1048576K
}
Event: 9.701 GC heap before
{Heap before GC invocations=13 (full 0):
 garbage-first heap   total 78848K, used 25432K [0x0000000081e00000, 0x0000000100000000)
  region size 1024K, 7 young (7168K), 6 survivors (6144K)
 Metaspace       used 44859K, committed 45312K, reserved 1114112K
  class space    used 6288K, committed 6464K, reserved 1048576K
}
Event: 9.711 GC heap after
{Heap after GC invocations=14 (full 0):
 garbage-first heap   total 78848K, used 25092K [0x0000000081e00000, 0x0000000100000000)
  region size 1024K, 1 young (1024K), 1 survivors (1024K)
 Metaspace       used 44859K, committed 45312K, reserved 1114112K
  class space    used 6288K, committed 6464K, reserved 1048576K
}
Event: 10.516 GC heap before
{Heap before GC invocations=14 (full 0):
 garbage-first heap   total 78848K, used 60932K [0x0000000081e00000, 0x0000000100000000)
  region size 1024K, 37 young (37888K), 1 survivors (1024K)
 Metaspace       used 52681K, committed 53120K, reserved 1114112K
  class space    used 7521K, committed 7680K, reserved 1048576K
}
Event: 10.521 GC heap after
{Heap after GC invocations=15 (full 0):
 garbage-first heap   total 78848K, used 25471K [0x0000000081e00000, 0x0000000100000000)
  region size 1024K, 2 young (2048K), 2 survivors (2048K)
 Metaspace       used 52681K, committed 53120K, reserved 1114112K
  class space    used 7521K, committed 7680K, reserved 1048576K
}
Event: 11.063 GC heap before
{Heap before GC invocations=15 (full 0):
 garbage-first heap   total 78848K, used 62335K [0x0000000081e00000, 0x0000000100000000)
  region size 1024K, 38 young (38912K), 2 survivors (2048K)
 Metaspace       used 57715K, committed 58304K, reserved 1114112K
  class space    used 8212K, committed 8512K, reserved 1048576K
}
Event: 11.070 GC heap after
{Heap after GC invocations=16 (full 0):
 garbage-first heap   total 78848K, used 27143K [0x0000000081e00000, 0x0000000100000000)
  region size 1024K, 3 young (3072K), 3 survivors (3072K)
 Metaspace       used 57715K, committed 58304K, reserved 1114112K
  class space    used 8212K, committed 8512K, reserved 1048576K
}
Event: 11.350 GC heap before
{Heap before GC invocations=16 (full 0):
 garbage-first heap   total 78848K, used 43527K [0x0000000081e00000, 0x0000000100000000)
  region size 1024K, 20 young (20480K), 3 survivors (3072K)
 Metaspace       used 60268K, committed 60800K, reserved 1114112K
  class space    used 8615K, committed 8896K, reserved 1048576K
}
Event: 11.358 GC heap after
{Heap after GC invocations=17 (full 0):
 garbage-first heap   total 78848K, used 28368K [0x0000000081e00000, 0x0000000100000000)
  region size 1024K, 3 young (3072K), 3 survivors (3072K)
 Metaspace       used 60268K, committed 60800K, reserved 1114112K
  class space    used 8615K, committed 8896K, reserved 1048576K
}
Event: 11.815 GC heap before
{Heap before GC invocations=18 (full 0):
 garbage-first heap   total 78848K, used 63184K [0x0000000081e00000, 0x0000000100000000)
  region size 1024K, 37 young (37888K), 3 survivors (3072K)
 Metaspace       used 63384K, committed 63936K, reserved 1114112K
  class space    used 9338K, committed 9600K, reserved 1048576K
}
Event: 11.821 GC heap after
{Heap after GC invocations=19 (full 0):
 garbage-first heap   total 78848K, used 31338K [0x0000000081e00000, 0x0000000100000000)
  region size 1024K, 5 young (5120K), 5 survivors (5120K)
 Metaspace       used 63384K, committed 63936K, reserved 1114112K
  class space    used 9338K, committed 9600K, reserved 1048576K
}
Event: 11.825 GC heap before
{Heap before GC invocations=19 (full 0):
 garbage-first heap   total 78848K, used 32362K [0x0000000081e00000, 0x0000000100000000)
  region size 1024K, 6 young (6144K), 5 survivors (5120K)
 Metaspace       used 63385K, committed 63936K, reserved 1114112K
  class space    used 9338K, committed 9600K, reserved 1048576K
}
Event: 11.829 GC heap after
{Heap after GC invocations=20 (full 0):
 garbage-first heap   total 149504K, used 31164K [0x0000000081e00000, 0x0000000100000000)
  region size 1024K, 1 young (1024K), 1 survivors (1024K)
 Metaspace       used 63385K, committed 63936K, reserved 1114112K
  class space    used 9338K, committed 9600K, reserved 1048576K
}
Event: 12.365 GC heap before
{Heap before GC invocations=20 (full 0):
 garbage-first heap   total 149504K, used 111036K [0x0000000081e00000, 0x0000000100000000)
  region size 1024K, 80 young (81920K), 1 survivors (1024K)
 Metaspace       used 66560K, committed 67136K, reserved 1114112K
  class space    used 9794K, committed 10048K, reserved 1048576K
}
Event: 12.369 GC heap after
{Heap after GC invocations=21 (full 0):
 garbage-first heap   total 149504K, used 33759K [0x0000000081e00000, 0x0000000100000000)
  region size 1024K, 3 young (3072K), 3 survivors (3072K)
 Metaspace       used 66560K, committed 67136K, reserved 1114112K
  class space    used 9794K, committed 10048K, reserved 1048576K
}

